SF:lib\main.dart
DA:13,1
DA:14,1
DA:15,1
DA:17,1
DA:18,2
DA:19,3
DA:20,3
DA:21,3
DA:22,3
DA:23,1
DA:28,3
DA:31,1
DA:33,1
DA:35,1
DA:36,1
DA:37,1
DA:39,1
DA:54,1
LF:18
LH:18
end_of_record
SF:lib\application\blocs\allergy\AllergyBloc.dart
DA:16,3
DA:17,2
DA:18,2
DA:19,2
DA:31,1
DA:33,2
DA:34,3
DA:45,3
DA:48,0
DA:50,0
DA:51,0
DA:53,0
DA:55,0
DA:58,0
DA:60,0
LF:15
LH:8
end_of_record
SF:lib\data\data sources\implementations\allergies_data_source.dart
DA:11,0
DA:13,0
DA:17,0
DA:20,0
DA:21,0
DA:22,0
DA:23,0
DA:28,0
DA:30,0
DA:34,0
DA:36,0
DA:37,0
DA:38,0
DA:39,0
LF:14
LH:0
end_of_record
SF:lib\domain\models\allergy.dart
DA:8,0
DA:14,0
DA:16,0
LF:3
LH:0
end_of_record
SF:lib\domain\use_cases\allergy\get_allergy.dart
DA:12,0
DA:14,0
DA:16,0
LF:3
LH:0
end_of_record
SF:lib\domain\models\NormalModel.dart
DA:5,1
LF:1
LH:1
end_of_record
SF:lib\application\blocs\allergy\AllergyEvent.dart
DA:8,0
DA:14,1
DA:20,0
DA:26,0
LF:4
LH:1
end_of_record
SF:lib\application\blocs\allergy\AllergyState.dart
DA:13,1
LF:1
LH:1
end_of_record
SF:lib\application\blocs\diagnoses\DiagnosesBloc.dart
DA:10,3
DA:11,2
DA:12,2
DA:30,1
DA:31,2
DA:32,2
DA:33,3
DA:36,0
DA:38,0
DA:39,0
DA:40,0
DA:42,0
LF:12
LH:7
end_of_record
SF:lib\application\blocs\diagnoses\DiagnosesEvent.dart
DA:10,0
DA:16,1
DA:22,0
LF:3
LH:1
end_of_record
SF:lib\application\blocs\diagnoses\DiagnosesState.dart
DA:11,1
LF:1
LH:1
end_of_record
SF:lib\application\blocs\medicine\MedicineBloc.dart
DA:8,3
DA:9,2
DA:10,2
DA:25,1
DA:26,2
DA:27,2
DA:28,3
DA:31,0
DA:32,0
DA:33,0
DA:34,0
DA:36,0
LF:12
LH:7
end_of_record
SF:lib\application\blocs\medicine\MedicineEvent.dart
DA:9,0
DA:15,1
DA:21,0
LF:3
LH:1
end_of_record
SF:lib\application\blocs\medicine\MedicineState.dart
DA:11,1
LF:1
LH:1
end_of_record
SF:lib\application\blocs\personnalInfo\personalInfoBloc.dart
DA:8,0
DA:9,0
DA:13,0
DA:14,0
DA:17,0
DA:18,0
DA:20,0
LF:7
LH:0
end_of_record
SF:lib\application\blocs\personnalInfo\personalInfoEvent.dart
DA:9,0
LF:1
LH:0
end_of_record
SF:lib\application\blocs\personnalInfo\personalInfoState.dart
DA:11,0
LF:1
LH:0
end_of_record
SF:lib\domain\models\PersonalInfo.dart
DA:24,1
LF:1
LH:1
end_of_record
SF:lib\application\blocs\vaccine\VaccineBloc.dart
DA:7,3
DA:8,2
DA:9,2
DA:20,1
DA:21,2
DA:22,2
DA:23,3
DA:26,0
DA:27,0
DA:28,0
DA:29,0
DA:31,0
LF:12
LH:7
end_of_record
SF:lib\application\blocs\vaccine\VaccineEvent.dart
DA:9,0
DA:15,1
DA:21,0
LF:3
LH:1
end_of_record
SF:lib\application\blocs\vaccine\VaccineState.dart
DA:11,1
LF:1
LH:1
end_of_record
SF:lib\core\error\failures.dart
DA:4,0
DA:5,0
LF:2
LH:0
end_of_record
SF:lib\main_page.dart
DA:18,2
DA:20,1
DA:22,1
DA:23,1
DA:24,2
DA:25,1
DA:26,1
DA:27,0
DA:28,0
DA:29,0
DA:30,0
DA:31,0
DA:32,0
DA:33,0
DA:34,0
DA:36,0
DA:38,1
LF:17
LH:8
end_of_record
SF:lib\presentation\ui\Add.dart
DA:4,0
DA:6,0
DA:7,0
DA:13,0
DA:15,0
DA:16,0
DA:19,0
DA:22,0
DA:23,0
DA:24,0
DA:26,0
DA:29,0
DA:30,0
DA:31,0
DA:33,0
DA:34,0
DA:36,0
DA:37,0
DA:38,0
DA:39,0
DA:40,0
DA:41,0
DA:53,0
DA:54,0
DA:62,0
DA:63,0
DA:64,0
DA:66,0
DA:68,0
DA:69,0
DA:71,0
DA:73,0
DA:75,0
DA:76,0
DA:78,0
DA:80,0
DA:81,0
DA:83,0
DA:85,0
DA:88,0
DA:90,0
LF:41
LH:0
end_of_record
SF:lib\presentation\ui\splash.dart
DA:5,2
DA:7,1
DA:8,1
DA:12,1
DA:14,1
DA:15,1
DA:18,1
DA:19,3
DA:20,1
DA:21,4
DA:24,1
DA:26,1
DA:27,1
DA:28,1
DA:29,1
LF:15
LH:15
end_of_record
SF:lib\presentation\ui\HomePage.dart
DA:33,2
DA:35,1
DA:36,1
DA:106,1
DA:108,1
DA:109,1
DA:110,1
DA:113,1
DA:114,1
DA:115,1
DA:116,0
DA:118,0
DA:121,0
DA:123,0
DA:124,0
DA:126,0
DA:129,0
DA:130,0
DA:131,0
DA:132,0
DA:133,0
DA:134,0
DA:137,0
DA:139,0
DA:141,0
DA:147,0
DA:150,0
DA:151,0
DA:152,0
DA:153,0
DA:154,0
DA:157,0
DA:159,0
DA:161,0
DA:167,0
DA:170,0
DA:171,0
DA:172,0
DA:173,0
DA:174,0
DA:176,0
DA:177,0
DA:179,0
DA:181,0
DA:183,0
DA:200,1
DA:202,1
DA:203,1
DA:205,1
DA:206,1
DA:207,1
DA:208,1
DA:209,1
DA:211,1
DA:218,1
DA:219,1
DA:220,1
DA:221,1
DA:223,1
DA:229,1
DA:238,1
DA:239,1
DA:241,1
DA:243,1
DA:245,1
DA:246,1
DA:247,1
DA:248,6
DA:249,1
DA:250,1
DA:252,1
DA:253,1
DA:256,1
DA:260,1
DA:261,1
DA:263,1
DA:266,1
DA:267,1
DA:268,1
DA:270,1
DA:271,4
DA:273,1
DA:274,1
DA:275,1
DA:278,1
DA:279,1
DA:281,1
DA:282,4
DA:284,1
DA:285,1
DA:286,1
DA:289,1
DA:290,1
DA:292,1
DA:293,4
DA:295,1
DA:296,1
DA:297,1
DA:300,1
DA:301,1
DA:303,1
DA:306,1
DA:307,1
DA:308,0
DA:309,0
DA:310,0
DA:311,0
DA:315,0
DA:316,0
DA:319,1
DA:320,1
DA:321,1
DA:323,1
DA:324,1
DA:325,1
DA:329,1
DA:331,1
DA:332,3
DA:333,1
DA:336,1
DA:337,3
DA:338,1
DA:355,1
DA:356,1
DA:359,1
DA:360,1
DA:362,1
DA:364,1
DA:365,1
DA:367,5
DA:369,1
DA:371,5
DA:373,1
DA:375,5
DA:380,1
DA:382,1
DA:383,1
DA:386,1
DA:387,1
DA:388,3
DA:392,1
DA:394,1
DA:395,1
DA:398,1
DA:399,1
DA:400,3
DA:404,1
DA:406,1
DA:407,1
DA:410,5
DA:413,1
DA:415,1
DA:416,1
DA:419,1
DA:420,1
DA:421,3
DA:422,3
DA:423,3
DA:431,1
DA:432,1
DA:435,1
DA:436,1
DA:438,1
DA:440,1
DA:441,1
DA:443,5
DA:445,1
DA:447,1
DA:448,1
DA:449,3
DA:455,1
DA:457,1
DA:458,1
DA:460,1
DA:461,1
DA:462,3
DA:470,1
DA:471,1
DA:473,1
DA:475,1
DA:476,1
DA:477,6
DA:478,3
DA:484,1
DA:485,1
DA:487,1
DA:489,5
DA:494,1
DA:495,1
DA:497,1
DA:501,1
DA:502,1
DA:504,1
DA:507,1
DA:508,1
DA:509,1
DA:511,1
DA:512,1
DA:518,1
DA:520,1
DA:528,1
DA:529,1
DA:531,1
DA:534,1
DA:535,1
DA:539,1
DA:541,1
DA:542,3
DA:543,1
DA:546,1
DA:554,1
DA:555,2
DA:556,0
DA:557,0
DA:558,0
DA:559,0
DA:560,0
DA:561,0
DA:562,0
DA:564,0
DA:565,0
DA:566,0
DA:567,0
DA:571,0
DA:573,0
DA:574,0
DA:575,0
DA:578,0
DA:579,0
DA:580,0
DA:588,1
DA:590,1
DA:591,1
DA:592,1
DA:593,1
DA:595,1
DA:597,1
DA:598,5
DA:599,1
DA:600,1
DA:601,1
DA:603,1
DA:604,1
DA:606,1
DA:614,1
DA:615,2
DA:616,0
DA:618,1
DA:621,1
DA:622,1
DA:623,1
DA:624,1
DA:625,0
DA:626,1
DA:627,1
DA:628,1
DA:629,1
DA:630,1
DA:631,1
DA:635,1
DA:637,1
DA:638,3
DA:639,1
DA:642,1
DA:643,3
DA:644,1
DA:654,0
DA:655,0
DA:656,0
DA:657,0
DA:659,0
DA:661,0
DA:662,0
DA:663,0
DA:664,0
DA:665,0
DA:667,0
DA:668,0
DA:669,0
DA:670,0
DA:672,0
DA:673,0
DA:674,0
DA:676,0
DA:677,0
DA:678,0
DA:680,0
DA:681,0
DA:684,0
DA:685,0
DA:686,0
DA:687,0
DA:688,0
DA:690,0
DA:695,0
DA:696,0
DA:697,0
DA:698,0
DA:705,0
DA:706,0
DA:707,0
DA:709,0
DA:712,0
DA:713,0
DA:714,0
DA:715,0
DA:716,0
DA:717,0
DA:719,0
DA:720,0
DA:721,0
DA:722,0
DA:723,0
DA:730,0
DA:731,0
DA:732,0
DA:735,0
DA:738,0
DA:741,0
DA:743,0
DA:746,0
DA:747,0
DA:748,0
DA:749,0
DA:750,0
DA:754,0
DA:757,0
DA:760,0
DA:761,0
DA:762,0
DA:770,0
DA:783,0
DA:784,0
DA:785,0
DA:786,0
DA:787,0
DA:789,0
DA:791,0
DA:792,0
DA:794,0
DA:797,0
DA:798,0
DA:799,0
DA:800,0
DA:801,0
DA:803,0
DA:805,0
DA:807,0
DA:809,0
DA:822,1
DA:823,2
DA:824,1
DA:825,1
DA:826,1
DA:827,1
DA:829,1
DA:830,1
DA:831,1
DA:833,1
DA:834,1
DA:835,2
DA:836,1
DA:839,1
DA:842,1
DA:843,3
DA:844,1
DA:857,0
DA:858,0
DA:859,0
DA:860,0
DA:861,0
DA:862,0
DA:863,0
DA:864,0
DA:866,0
DA:868,0
DA:869,0
DA:871,0
DA:872,0
DA:873,0
DA:874,0
DA:877,0
DA:880,0
DA:881,0
DA:882,0
DA:891,0
DA:892,0
DA:893,0
DA:894,0
DA:895,0
DA:897,0
DA:899,0
DA:904,0
DA:906,0
DA:907,0
DA:908,0
DA:909,0
DA:910,0
DA:913,0
DA:915,0
DA:917,0
DA:920,0
DA:921,0
DA:922,0
DA:923,0
DA:924,0
DA:925,0
DA:926,0
DA:929,0
DA:931,0
DA:939,1
DA:940,1
DA:941,1
DA:942,1
DA:943,1
DA:944,2
DA:946,0
DA:950,1
DA:951,1
DA:952,1
DA:953,1
DA:954,2
DA:956,0
DA:960,1
DA:961,1
DA:962,1
DA:963,1
DA:964,2
DA:966,0
DA:970,1
DA:971,1
DA:972,1
DA:973,1
DA:974,2
DA:982,1
DA:983,1
DA:984,1
DA:985,1
DA:986,1
DA:987,1
DA:988,1
DA:989,1
DA:991,1
DA:992,1
DA:994,1
DA:995,1
DA:997,1
DA:998,1
DA:999,1
DA:1001,1
DA:1003,1
DA:1004,1
DA:1005,5
DA:1006,1
DA:1007,1
DA:1008,1
DA:1009,1
DA:1012,1
DA:1015,1
DA:1016,1
DA:1017,1
DA:1022,1
DA:1027,1
DA:1028,1
DA:1029,2
DA:1034,1
DA:1035,2
DA:1044,1
DA:1050,1
DA:1051,1
DA:1053,1
DA:1054,0
DA:1056,0
DA:1058,0
DA:1059,0
DA:1062,1
DA:1063,1
DA:1064,1
DA:1066,1
DA:1068,1
DA:1069,1
DA:1070,1
DA:1074,1
DA:1076,1
DA:1077,3
DA:1078,1
DA:1081,1
DA:1082,3
DA:1083,1
DA:1101,1
DA:1102,1
DA:1103,1
DA:1105,1
DA:1106,1
DA:1108,1
DA:1109,1
DA:1110,1
DA:1112,1
DA:1120,1
DA:1121,2
DA:1122,0
DA:1127,1
DA:1128,4
DA:1134,0
DA:1135,0
DA:1136,0
DA:1137,0
DA:1138,0
DA:1139,0
DA:1140,0
DA:1141,0
DA:1142,0
DA:1143,0
DA:1145,0
DA:1146,0
DA:1150,1
DA:1151,2
DA:1153,1
DA:1154,0
DA:1157,1
DA:1158,1
DA:1162,1
DA:1163,1
DA:1167,1
DA:1168,1
DA:1172,1
DA:1173,1
DA:1177,1
DA:1178,1
LF:529
LH:320
end_of_record
SF:lib\presentation\ui\login.dart
DA:20,2
DA:22,1
DA:23,1
DA:30,1
DA:32,2
DA:33,2
DA:35,1
DA:40,1
DA:42,1
DA:44,1
DA:47,1
DA:49,1
DA:50,1
DA:51,1
DA:52,1
DA:54,1
DA:55,1
DA:57,1
DA:59,1
DA:62,1
DA:64,1
DA:66,1
DA:67,1
DA:68,1
DA:69,1
DA:70,1
DA:72,1
DA:73,1
DA:74,1
DA:75,1
DA:77,1
DA:78,1
DA:83,1
DA:86,1
DA:92,2
DA:93,1
DA:94,1
DA:97,1
DA:100,1
DA:101,1
DA:102,1
DA:106,1
DA:112,1
DA:115,1
DA:116,4
DA:117,2
DA:118,1
DA:119,1
DA:121,1
DA:123,1
DA:126,1
DA:129,1
DA:132,1
DA:134,1
DA:136,1
DA:139,1
DA:140,1
DA:141,2
DA:144,0
DA:145,0
DA:146,0
DA:149,1
DA:153,1
DA:154,1
DA:155,3
DA:156,1
DA:159,1
DA:160,1
DA:166,0
DA:167,0
DA:168,0
DA:169,0
DA:175,1
DA:177,1
DA:178,1
DA:179,1
DA:181,1
DA:183,2
DA:197,1
DA:209,1
DA:211,1
DA:212,1
DA:214,3
DA:217,2
DA:218,6
DA:219,0
DA:220,0
DA:230,0
DA:231,0
DA:232,0
DA:234,2
DA:235,2
DA:236,2
DA:237,2
DA:238,2
DA:239,2
DA:240,2
DA:241,2
DA:243,5
DA:244,1
DA:245,4
DA:249,0
DA:250,0
DA:251,0
DA:253,0
DA:255,0
DA:257,0
DA:259,0
DA:260,0
DA:261,0
DA:265,0
DA:267,0
DA:268,0
DA:269,0
DA:270,0
DA:271,0
DA:272,0
DA:273,0
DA:274,0
DA:276,0
DA:277,0
DA:278,0
LF:122
LH:89
end_of_record
SF:lib\presentation\ui\Error.dart
DA:4,0
DA:6,0
DA:8,0
DA:9,0
LF:4
LH:0
end_of_record
SF:lib\presentation\ui\add_document.dart
DA:9,0
DA:11,0
DA:12,0
DA:20,0
DA:21,0
DA:24,0
DA:25,0
DA:30,0
DA:32,0
DA:33,0
DA:34,0
DA:35,0
DA:36,0
DA:37,0
DA:38,0
DA:39,0
DA:40,0
DA:42,0
DA:43,0
DA:49,0
DA:51,0
DA:52,0
DA:53,0
DA:56,0
DA:57,0
DA:58,0
DA:62,0
DA:63,0
DA:64,0
DA:65,0
DA:71,0
DA:72,0
DA:73,0
DA:80,0
DA:81,0
DA:82,0
DA:83,0
DA:84,0
DA:85,0
LF:39
LH:0
end_of_record
SF:lib\presentation\ui\my_subscripitons.dart
DA:6,0
DA:8,0
DA:9,0
DA:13,0
DA:15,0
DA:16,0
DA:17,0
DA:18,0
DA:19,0
DA:20,0
DA:21,0
DA:23,0
DA:24,0
DA:25,0
DA:27,0
DA:29,0
DA:30,0
DA:31,0
LF:18
LH:0
end_of_record
SF:lib\presentation\ui\terms_and_conditions.dart
DA:5,0
DA:7,0
DA:8,0
DA:12,0
DA:14,0
DA:15,0
DA:17,0
DA:18,0
DA:19,0
DA:20,0
DA:21,0
DA:22,0
DA:23,0
DA:24,0
DA:25,0
DA:26,0
DA:27,0
DA:28,0
DA:29,0
LF:19
LH:0
end_of_record
SF:lib\presentation\ui\editPersonalInfo.dart
DA:11,0
DA:13,0
DA:14,0
DA:19,0
DA:53,0
DA:54,0
DA:56,0
DA:58,0
DA:61,0
DA:63,0
DA:65,0
DA:66,0
DA:68,0
DA:71,0
DA:73,0
DA:74,0
DA:75,0
DA:77,0
DA:78,0
DA:81,0
DA:82,0
DA:85,0
DA:86,0
DA:89,0
DA:90,0
DA:93,0
DA:94,0
DA:95,0
DA:98,0
DA:99,0
DA:100,0
DA:101,0
DA:104,0
DA:110,0
DA:111,0
DA:113,0
DA:114,0
DA:117,0
DA:122,0
DA:123,0
DA:124,0
DA:125,0
DA:128,0
DA:129,0
DA:132,0
DA:145,0
DA:147,0
DA:148,0
DA:155,0
DA:157,0
DA:162,0
DA:167,0
DA:168,0
DA:169,0
DA:175,0
DA:180,0
DA:182,0
DA:183,0
DA:185,0
DA:186,0
DA:188,0
DA:189,0
DA:190,0
DA:194,0
DA:198,0
DA:200,0
DA:202,0
DA:203,0
DA:205,0
DA:221,0
DA:222,0
DA:223,0
DA:233,0
DA:235,0
DA:236,0
DA:237,0
DA:239,0
DA:240,0
DA:244,0
DA:246,0
DA:251,0
DA:255,0
DA:257,0
DA:262,0
DA:266,0
DA:273,0
DA:275,0
DA:277,0
DA:292,0
DA:293,0
DA:294,0
DA:301,0
DA:315,0
DA:318,0
DA:330,0
DA:332,0
DA:334,0
DA:349,0
DA:350,0
DA:351,0
DA:358,0
DA:360,0
DA:364,0
DA:368,0
DA:370,0
DA:374,0
DA:378,0
DA:380,0
DA:384,0
DA:391,0
DA:394,0
DA:406,0
DA:408,0
DA:412,0
DA:416,0
DA:417,0
DA:419,0
DA:420,0
DA:421,0
DA:422,0
DA:423,0
DA:427,0
DA:431,0
DA:432,0
DA:433,0
DA:434,0
DA:438,0
DA:445,0
DA:446,0
DA:447,0
DA:451,0
DA:455,0
DA:457,0
DA:458,0
DA:459,0
DA:460,0
DA:461,0
DA:465,0
DA:469,0
DA:470,0
DA:471,0
DA:472,0
DA:476,0
DA:485,0
DA:488,0
DA:500,0
DA:501,0
DA:507,0
LF:148
LH:0
end_of_record
SF:lib\presentation\ui\MyHomePage.dart
DA:10,2
DA:12,1
DA:13,1
DA:21,1
DA:23,1
DA:24,1
DA:25,1
DA:26,1
DA:27,1
DA:28,1
DA:29,0
DA:30,0
DA:31,0
DA:34,1
DA:35,1
DA:36,1
DA:37,1
DA:40,1
DA:41,1
DA:42,1
DA:44,1
DA:49,1
DA:51,1
DA:52,1
DA:53,1
DA:57,2
DA:59,1
DA:60,0
DA:61,1
DA:62,1
DA:63,0
DA:64,0
DA:65,0
DA:66,0
DA:67,0
DA:70,0
DA:71,0
DA:73,0
DA:76,0
DA:78,0
DA:80,0
DA:88,1
DA:90,1
DA:91,1
DA:92,2
DA:93,1
DA:96,1
DA:99,1
DA:102,1
LF:49
LH:34
end_of_record
SF:lib\presentation\ui\hello.dart
DA:8,2
DA:10,1
DA:12,1
DA:13,1
DA:14,2
DA:16,1
DA:17,2
DA:18,2
DA:20,1
DA:21,2
DA:22,1
DA:23,2
DA:26,1
DA:27,1
DA:28,3
DA:29,1
DA:46,1
DA:47,1
DA:48,1
DA:49,1
DA:50,1
DA:51,3
LF:22
LH:22
end_of_record
SF:lib\presentation\ui\intro_1.dart
DA:4,2
DA:6,1
DA:7,1
DA:11,1
DA:13,1
DA:15,1
DA:17,1
DA:18,1
DA:19,1
DA:20,1
DA:21,1
DA:25,1
DA:28,1
DA:29,1
DA:30,1
DA:32,1
DA:34,1
DA:35,1
DA:36,1
DA:39,1
LF:20
LH:20
end_of_record
SF:lib\presentation\ui\intro_2.dart
DA:5,2
DA:7,0
DA:8,0
DA:12,0
DA:14,0
DA:16,0
DA:18,0
DA:19,0
DA:20,0
DA:21,0
DA:22,0
DA:27,0
DA:28,0
DA:29,0
DA:30,0
DA:32,0
DA:34,0
DA:35,0
DA:37,0
LF:19
LH:1
end_of_record
SF:lib\presentation\ui\intro_3.dart
DA:4,2
DA:6,0
DA:7,0
DA:11,0
DA:13,0
DA:15,0
DA:17,0
DA:18,0
DA:19,0
DA:20,0
DA:21,0
DA:26,0
DA:29,0
DA:30,0
DA:31,0
DA:33,0
DA:35,0
DA:36,0
DA:37,0
DA:40,0
LF:20
LH:1
end_of_record
SF:lib\presentation\ui\reset_password.dart
DA:8,0
DA:10,0
DA:11,0
DA:15,0
DA:17,0
DA:18,0
DA:19,0
DA:21,0
DA:22,0
DA:23,0
DA:24,0
DA:25,0
DA:26,0
DA:27,0
DA:28,0
DA:29,0
DA:32,0
DA:36,0
DA:37,0
DA:38,0
DA:39,0
DA:40,0
DA:41,0
LF:23
LH:0
end_of_record
